<?xml version="1.0" encoding="UTF-8"?>
<!-- Generated by org.testng.reporters.JUnitXMLReporter -->
<testsuite hostname="umesh" ignored="0" name="Command line test" tests="4" failures="2" timestamp="2020-08-03T14:18:47 IST" time="115.421" errors="0">
  <testcase name="loginTest" time="26.034" classname="flipkart.SignInTest">
    <failure type="java.lang.AssertionError" message="Invalid creadintial expected [true] but found [false]">
      <![CDATA[java.lang.AssertionError: Invalid creadintial expected [true] but found [false]
at flipkart.SignInTest.loginTest(SignInTest.java:46)
at java.util.ArrayList.forEach(ArrayList.java:1257)
... Removed 40 stack frames]]>
    </failure>
  </testcase> <!-- loginTest -->
  <testcase name="loginTest" time="11.57" classname="flipkart.SignInTest">
    <failure type="java.lang.AssertionError" message="Invalid creadintial expected [true] but found [false]">
      <![CDATA[java.lang.AssertionError: Invalid creadintial expected [true] but found [false]
at flipkart.SignInTest.loginTest(SignInTest.java:46)
at java.util.ArrayList.forEach(ArrayList.java:1257)
... Removed 40 stack frames]]>
    </failure>
  </testcase> <!-- loginTest -->
  <testcase name="loginTest" time="11.682" classname="flipkart.SignInTest"/>
  <testcase name="cartlabelTest" time="11.195" classname="flipkart.TC_cartLable_Test"/>
</testsuite> <!-- Command line test -->
