<?xml version="1.0" encoding="UTF-8"?>
<!-- Generated by org.testng.reporters.JUnitXMLReporter -->
<testsuite hostname="umesh" ignored="0" name="Test" tests="4" failures="2" timestamp="2020-08-03T14:33:28 IST" time="110.196" errors="0">
  <testcase name="loginTest" time="17.635" classname="flipkart.SignInTest">
    <failure type="java.lang.AssertionError" message="Invalid creadintial expected [true] but found [false]">
      <![CDATA[java.lang.AssertionError: Invalid creadintial expected [true] but found [false]
at flipkart.SignInTest.loginTest(SignInTest.java:45)
at java.util.ArrayList.forEach(ArrayList.java:1257)
... Removed 34 stack frames]]>
    </failure>
  </testcase> <!-- loginTest -->
  <testcase name="loginTest" time="11.753" classname="flipkart.SignInTest">
    <failure type="java.lang.AssertionError" message="Invalid creadintial expected [true] but found [false]">
      <![CDATA[java.lang.AssertionError: Invalid creadintial expected [true] but found [false]
at flipkart.SignInTest.loginTest(SignInTest.java:45)
at java.util.ArrayList.forEach(ArrayList.java:1257)
... Removed 34 stack frames]]>
    </failure>
  </testcase> <!-- loginTest -->
  <testcase name="loginTest" time="11.683" classname="flipkart.SignInTest"/>
  <testcase name="cartlabelTest" time="9.977" classname="flipkart.TC_cartLable_Test"/>
</testsuite> <!-- Test -->
